2018-02-09 15:16:49,340 [Worker-2] INFO  c.g.t.t.d.PublishedGradleVersions - Gradle version information cache is up-to-date. Trying to read.
2018-02-09 15:22:30,564 [Worker-1] INFO  c.g.t.t.d.PublishedGradleVersions - Gradle version information cache is up-to-date. Trying to read.
2018-02-09 15:28:48,458 [Worker-2] INFO  c.g.t.t.d.PublishedGradleVersions - Gradle version information cache is up-to-date. Trying to read.
2018-02-09 15:31:04,874 [Worker-13] INFO  o.e.m.c.i.p.ProjectConfigurationManager - Collecting project info '/pom.xml' /Volumes/MacStorage/WorkCodes/GitHub/DeepLearning/AI_III/maven.1518186573922/pom.xml
2018-02-09 15:31:04,876 [Worker-13] INFO  o.e.m.c.i.p.ProjectConfigurationManager - Collecting project info 'dl4j-examples/pom.xml' /Volumes/MacStorage/WorkCodes/GitHub/DeepLearning/AI_III/maven.1518186573922/dl4j-examples/pom.xml
2018-02-09 15:31:04,877 [Worker-13] INFO  o.e.m.c.i.p.ProjectConfigurationManager - Collecting project info 'dl4j-spark-examples/pom.xml' /Volumes/MacStorage/WorkCodes/GitHub/DeepLearning/AI_III/maven.1518186573922/dl4j-spark-examples/pom.xml
2018-02-09 15:31:04,877 [Worker-13] INFO  o.e.m.c.i.p.ProjectConfigurationManager - Collecting project info 'dl4j-spark/pom.xml' /Volumes/MacStorage/WorkCodes/GitHub/DeepLearning/AI_III/maven.1518186573922/dl4j-spark-examples/dl4j-spark/pom.xml
2018-02-09 15:31:04,877 [Worker-13] INFO  o.e.m.c.i.p.ProjectConfigurationManager - Collecting project info 'datavec-examples/pom.xml' /Volumes/MacStorage/WorkCodes/GitHub/DeepLearning/AI_III/maven.1518186573922/datavec-examples/pom.xml
2018-02-09 15:31:04,877 [Worker-13] INFO  o.e.m.c.i.p.ProjectConfigurationManager - Collecting project info 'dl4j-cuda-specific-examples/pom.xml' /Volumes/MacStorage/WorkCodes/GitHub/DeepLearning/AI_III/maven.1518186573922/dl4j-cuda-specific-examples/pom.xml
2018-02-09 15:31:04,877 [Worker-13] INFO  o.e.m.c.i.p.ProjectConfigurationManager - Collecting project info 'nd4j-examples/pom.xml' /Volumes/MacStorage/WorkCodes/GitHub/DeepLearning/AI_III/maven.1518186573922/nd4j-examples/pom.xml
2018-02-09 15:31:04,877 [Worker-13] INFO  o.e.m.c.i.p.ProjectConfigurationManager - Collecting project info 'rl4j-examples/pom.xml' /Volumes/MacStorage/WorkCodes/GitHub/DeepLearning/AI_III/maven.1518186573922/rl4j-examples/pom.xml
2018-02-09 15:31:04,877 [Worker-13] INFO  o.e.m.c.i.p.ProjectConfigurationManager - Collecting project info 'lstm-hdfs/pom.xml' /Volumes/MacStorage/WorkCodes/GitHub/DeepLearning/AI_III/maven.1518186573922/lstm-hdfs/pom.xml
2018-02-09 15:31:05,872 [Worker-5] INFO  o.e.m.c.i.l.LifecycleMappingFactory - Using NULL lifecycle mapping for MavenProject: org.deeplearning4j:deeplearning4j-examples-parent:0.9.1 @ /Volumes/MacStorage/WorkCodes/GitHub/DeepLearning/AI_III/deeplearning4j-examples-parent/pom.xml.
2018-02-09 15:31:06,649 [Worker-5] INFO  o.e.m.c.i.l.LifecycleMappingFactory - Using org.eclipse.m2e.jdt.JarLifecycleMapping lifecycle mapping for MavenProject: org.deeplearning4j:dl4j-examples:0.9.1 @ /Volumes/MacStorage/WorkCodes/GitHub/DeepLearning/AI_III/deeplearning4j-examples-parent/dl4j-examples/pom.xml.
2018-02-09 15:31:08,322 [Worker-5] INFO  o.e.m.c.i.l.LifecycleMappingFactory - Using NULL lifecycle mapping for MavenProject: org.deeplearning4j:dl4j-spark-examples:0.9.1 @ /Volumes/MacStorage/WorkCodes/GitHub/DeepLearning/AI_III/deeplearning4j-examples-parent/dl4j-spark-examples/pom.xml.
2018-02-09 15:31:08,378 [Worker-5] INFO  o.e.m.c.i.l.LifecycleMappingFactory - Using org.eclipse.m2e.jdt.JarLifecycleMapping lifecycle mapping for MavenProject: org.deeplearning4j:dl4j-spark:0.9.1 @ /Volumes/MacStorage/WorkCodes/GitHub/DeepLearning/AI_III/deeplearning4j-examples-parent/dl4j-spark-examples/dl4j-spark/pom.xml.
2018-02-09 15:31:09,140 [Worker-5] INFO  o.e.m.c.i.l.LifecycleMappingFactory - Using org.eclipse.m2e.jdt.JarLifecycleMapping lifecycle mapping for MavenProject: org.deeplearning4j:datavec-examples:0.9.1 @ /Volumes/MacStorage/WorkCodes/GitHub/DeepLearning/AI_III/deeplearning4j-examples-parent/datavec-examples/pom.xml.
2018-02-09 15:31:09,246 [Worker-5] INFO  o.e.m.c.i.l.LifecycleMappingFactory - Using org.eclipse.m2e.jdt.JarLifecycleMapping lifecycle mapping for MavenProject: org.deeplearning4j:dl4j-cuda-specific-examples:0.9.1 @ /Volumes/MacStorage/WorkCodes/GitHub/DeepLearning/AI_III/deeplearning4j-examples-parent/dl4j-cuda-specific-examples/pom.xml.
2018-02-09 15:31:09,536 [Worker-5] INFO  o.e.m.c.i.l.LifecycleMappingFactory - Using org.eclipse.m2e.jdt.JarLifecycleMapping lifecycle mapping for MavenProject: org.deeplearning4j:nd4j-examples:0.9.1 @ /Volumes/MacStorage/WorkCodes/GitHub/DeepLearning/AI_III/deeplearning4j-examples-parent/nd4j-examples/pom.xml.
2018-02-09 15:31:09,699 [Worker-5] INFO  o.e.m.c.i.l.LifecycleMappingFactory - Using org.eclipse.m2e.jdt.JarLifecycleMapping lifecycle mapping for MavenProject: org.deeplearning4j:rl4j-examples:0.9.1 @ /Volumes/MacStorage/WorkCodes/GitHub/DeepLearning/AI_III/deeplearning4j-examples-parent/rl4j-examples/pom.xml.
2018-02-09 15:31:09,824 [Worker-5] INFO  o.e.m.c.i.l.LifecycleMappingFactory - Using org.eclipse.m2e.jdt.JarLifecycleMapping lifecycle mapping for MavenProject: org.deeplearning4j.examples:lstm-hdfs:0.9.1 @ /Volumes/MacStorage/WorkCodes/GitHub/DeepLearning/AI_III/deeplearning4j-examples-parent/lstm-hdfs/pom.xml.
2018-02-09 15:31:11,616 [Worker-5] INFO  o.e.m.j.i.AbstractJavaProjectConfigurator - Adding source folder /dl4j-spark/src/main/java
2018-02-09 15:31:11,617 [Worker-5] INFO  o.e.m.j.i.AbstractJavaProjectConfigurator - Adding resource folder /dl4j-spark/src/main/resources
2018-02-09 15:31:11,620 [Worker-5] INFO  o.e.m.j.i.AbstractJavaProjectConfigurator - Adding source folder /dl4j-spark/src/test/java
2018-02-09 15:31:14,253 [Worker-5] INFO  o.e.m.j.i.AbstractJavaProjectConfigurator - Adding source folder /datavec-examples/src/main/java
2018-02-09 15:31:14,254 [Worker-5] INFO  o.e.m.j.i.AbstractJavaProjectConfigurator - Adding resource folder /datavec-examples/src/main/resources
2018-02-09 15:31:14,257 [Worker-5] INFO  o.e.m.j.i.AbstractJavaProjectConfigurator - Adding source folder /datavec-examples/src/test/java
2018-02-09 15:31:14,525 [Worker-5] INFO  o.e.m.j.i.AbstractJavaProjectConfigurator - Adding source folder /lstm-hdfs/src/main/scala, src/main/java
2018-02-09 15:31:14,525 [Worker-5] INFO  o.e.m.j.i.AbstractJavaProjectConfigurator - Adding source folder /lstm-hdfs/src/test/scala, src/test/java
2018-02-09 15:31:14,962 [Worker-5] INFO  o.e.m.j.i.AbstractJavaProjectConfigurator - Adding source folder /nd4j-examples/src/main/java
2018-02-09 15:31:14,962 [Worker-5] INFO  o.e.m.j.i.AbstractJavaProjectConfigurator - Adding resource folder /nd4j-examples/src/main/resources
2018-02-09 15:31:14,969 [Worker-5] INFO  o.e.m.j.i.AbstractJavaProjectConfigurator - Adding source folder /nd4j-examples/src/test/java
2018-02-09 15:31:15,089 [Worker-5] INFO  o.e.m.j.i.AbstractJavaProjectConfigurator - Adding source folder /dl4j-cuda-specific-examples/src/main/java
2018-02-09 15:31:15,089 [Worker-5] INFO  o.e.m.j.i.AbstractJavaProjectConfigurator - Adding resource folder /dl4j-cuda-specific-examples/src/main/resources
2018-02-09 15:31:15,094 [Worker-5] INFO  o.e.m.j.i.AbstractJavaProjectConfigurator - Adding source folder /dl4j-cuda-specific-examples/src/test/java
2018-02-09 15:31:15,377 [Worker-5] INFO  o.e.m.j.i.AbstractJavaProjectConfigurator - Adding source folder /dl4j-examples/src/main/java
2018-02-09 15:31:15,377 [Worker-5] INFO  o.e.m.j.i.AbstractJavaProjectConfigurator - Adding resource folder /dl4j-examples/src/main/resources
2018-02-09 15:31:15,383 [Worker-5] INFO  o.e.m.j.i.AbstractJavaProjectConfigurator - Adding source folder /dl4j-examples/src/test/java
2018-02-09 15:31:15,610 [Worker-5] INFO  o.e.m.j.i.AbstractJavaProjectConfigurator - Adding source folder /rl4j-examples/src/main/java
2018-02-09 15:31:15,610 [Worker-5] INFO  o.e.m.j.i.AbstractJavaProjectConfigurator - Adding resource folder /rl4j-examples/src/main/resources
2018-02-09 15:31:15,614 [Worker-5] INFO  o.e.m.j.i.AbstractJavaProjectConfigurator - Adding source folder /rl4j-examples/src/test/java
2018-02-09 15:31:15,739 [Worker-5] INFO  o.e.m.c.i.p.ProjectConfigurationManager - Imported and configured 9 project(s) in 10 sec
2018-02-09 15:31:25,865 [Worker-22] INFO  o.e.m.c.i.embedder.EclipseLogger - Using 'UTF-8' encoding to copy filtered resources.
2018-02-09 15:31:25,874 [Worker-22] INFO  o.e.m.c.i.embedder.EclipseLogger - Copying 5 resources
2018-02-09 15:31:25,888 [Worker-22] INFO  o.e.m.c.i.embedder.EclipseLogger - Using 'UTF-8' encoding to copy filtered resources.
2018-02-09 15:31:25,888 [Worker-22] INFO  o.e.m.c.i.embedder.EclipseLogger - skip non existing resourceDirectory /Volumes/MacStorage/WorkCodes/GitHub/DeepLearning/AI_III/deeplearning4j-examples-parent/datavec-examples/src/test/resources
2018-02-09 15:31:27,640 [Worker-22] INFO  o.e.m.c.i.embedder.EclipseLogger - Using 'UTF-8' encoding to copy filtered resources.
2018-02-09 15:31:27,641 [Worker-22] INFO  o.e.m.c.i.embedder.EclipseLogger - Copying 2 resources
2018-02-09 15:31:27,644 [Worker-22] INFO  o.e.m.c.i.embedder.EclipseLogger - Using 'UTF-8' encoding to copy filtered resources.
2018-02-09 15:31:27,644 [Worker-22] INFO  o.e.m.c.i.embedder.EclipseLogger - skip non existing resourceDirectory /Volumes/MacStorage/WorkCodes/GitHub/DeepLearning/AI_III/deeplearning4j-examples-parent/dl4j-cuda-specific-examples/src/test/resources
2018-02-09 15:31:30,742 [Worker-22] INFO  o.e.m.c.i.embedder.EclipseLogger - Using 'UTF-8' encoding to copy filtered resources.
2018-02-09 15:31:30,748 [Worker-22] INFO  o.e.m.c.i.embedder.EclipseLogger - Copying 200 resources
2018-02-09 15:31:31,703 [Worker-22] INFO  o.e.m.c.i.embedder.EclipseLogger - Using 'UTF-8' encoding to copy filtered resources.
2018-02-09 15:31:31,703 [Worker-22] INFO  o.e.m.c.i.embedder.EclipseLogger - skip non existing resourceDirectory /Volumes/MacStorage/WorkCodes/GitHub/DeepLearning/AI_III/deeplearning4j-examples-parent/dl4j-examples/src/test/resources
2018-02-09 15:31:33,066 [Worker-22] INFO  o.e.m.c.i.embedder.EclipseLogger - Using 'UTF-8' encoding to copy filtered resources.
2018-02-09 15:31:33,067 [Worker-22] INFO  o.e.m.c.i.embedder.EclipseLogger - Copying 2 resources
2018-02-09 15:31:33,071 [Worker-22] INFO  o.e.m.c.i.embedder.EclipseLogger - Using 'UTF-8' encoding to copy filtered resources.
2018-02-09 15:31:33,071 [Worker-22] INFO  o.e.m.c.i.embedder.EclipseLogger - skip non existing resourceDirectory /Volumes/MacStorage/WorkCodes/GitHub/DeepLearning/AI_III/deeplearning4j-examples-parent/dl4j-spark-examples/dl4j-spark/src/test/resources
2018-02-09 15:31:34,136 [Worker-22] INFO  o.e.m.c.i.embedder.EclipseLogger - Using 'UTF-8' encoding to copy filtered resources.
2018-02-09 15:31:34,136 [Worker-22] INFO  o.e.m.c.i.embedder.EclipseLogger - skip non existing resourceDirectory /Volumes/MacStorage/WorkCodes/GitHub/DeepLearning/AI_III/deeplearning4j-examples-parent/lstm-hdfs/src/main/resources
2018-02-09 15:31:34,138 [Worker-22] INFO  o.e.m.c.i.embedder.EclipseLogger - Using 'UTF-8' encoding to copy filtered resources.
2018-02-09 15:31:34,138 [Worker-22] INFO  o.e.m.c.i.embedder.EclipseLogger - skip non existing resourceDirectory /Volumes/MacStorage/WorkCodes/GitHub/DeepLearning/AI_III/deeplearning4j-examples-parent/lstm-hdfs/src/test/resources
2018-02-09 15:31:34,372 [Worker-22] INFO  o.e.m.c.i.embedder.EclipseLogger - Using 'UTF-8' encoding to copy filtered resources.
2018-02-09 15:31:34,372 [Worker-22] INFO  o.e.m.c.i.embedder.EclipseLogger - Copying 5 resources
2018-02-09 15:31:34,378 [Worker-22] INFO  o.e.m.c.i.embedder.EclipseLogger - Using 'UTF-8' encoding to copy filtered resources.
2018-02-09 15:31:34,378 [Worker-22] INFO  o.e.m.c.i.embedder.EclipseLogger - skip non existing resourceDirectory /Volumes/MacStorage/WorkCodes/GitHub/DeepLearning/AI_III/deeplearning4j-examples-parent/nd4j-examples/src/test/resources
2018-02-09 15:31:34,761 [Worker-22] INFO  o.e.m.c.i.embedder.EclipseLogger - Using 'UTF-8' encoding to copy filtered resources.
2018-02-09 15:31:34,762 [Worker-22] INFO  o.e.m.c.i.embedder.EclipseLogger - Copying 1 resource
2018-02-09 15:31:34,764 [Worker-22] INFO  o.e.m.c.i.embedder.EclipseLogger - Using 'UTF-8' encoding to copy filtered resources.
2018-02-09 15:31:34,764 [Worker-22] INFO  o.e.m.c.i.embedder.EclipseLogger - skip non existing resourceDirectory /Volumes/MacStorage/WorkCodes/GitHub/DeepLearning/AI_III/deeplearning4j-examples-parent/rl4j-examples/src/test/resources
2018-02-10 00:17:04,987 [ModalContext] INFO  o.e.m.c.i.e.AbstractTransferListenerAdapter - Downloaded https://repo.maven.apache.org/maven2/org/apache/maven/archetypes/maven-archetype-quickstart/1.1/maven-archetype-quickstart-1.1.jar
2018-02-10 00:17:44,629 [Worker-118] INFO  o.e.m.c.i.e.AbstractTransferListenerAdapter - Downloaded https://repo.maven.apache.org/maven2/org/apache/maven/archetypes/maven-archetype-quickstart/1.1/maven-archetype-quickstart-1.1.pom
2018-02-10 00:18:48,164 [Worker-118] INFO  o.e.m.c.i.l.LifecycleMappingFactory - Using org.eclipse.m2e.jdt.JarLifecycleMapping lifecycle mapping for MavenProject: org.deeplearning4j:DeepLearningXOR:0.9.1 @ /Volumes/MacStorage/WorkCodes/GitHub/DeepLearning/AI_III/deeplearning4j-examples-parent/DeepLearningXOR/pom.xml.
2018-02-10 00:18:50,146 [Worker-118] INFO  o.e.m.j.i.AbstractJavaProjectConfigurator - Adding source folder /DeepLearningXOR/src/main/java
2018-02-10 00:18:50,147 [Worker-118] INFO  o.e.m.j.i.AbstractJavaProjectConfigurator - Adding resource folder /DeepLearningXOR/src/main/resources
2018-02-10 00:18:50,150 [Worker-118] INFO  o.e.m.j.i.AbstractJavaProjectConfigurator - Adding source folder /DeepLearningXOR/src/test/java
2018-02-10 00:18:50,150 [Worker-118] INFO  o.e.m.j.i.AbstractJavaProjectConfigurator - Adding resource folder /DeepLearningXOR/src/test/resources
2018-02-10 00:18:50,420 [Worker-119] INFO  o.e.m.c.i.embedder.EclipseLogger - Using 'UTF-8' encoding to copy filtered resources.
2018-02-10 00:18:50,421 [Worker-119] INFO  o.e.m.c.i.embedder.EclipseLogger - Copying 0 resource
2018-02-10 00:18:50,422 [Worker-119] INFO  o.e.m.c.i.embedder.EclipseLogger - Using 'UTF-8' encoding to copy filtered resources.
2018-02-10 00:18:50,422 [Worker-119] INFO  o.e.m.c.i.embedder.EclipseLogger - Copying 0 resource
2018-02-10 00:18:51,662 [Worker-116] INFO  o.e.m.c.i.l.LifecycleMappingFactory - Using NULL lifecycle mapping for MavenProject: org.deeplearning4j:deeplearning4j-examples-parent:0.9.1 @ /Volumes/MacStorage/WorkCodes/GitHub/DeepLearning/AI_III/deeplearning4j-examples-parent/pom.xml.
2018-02-10 00:18:52,003 [Worker-116] INFO  o.e.m.c.i.l.LifecycleMappingFactory - Using org.eclipse.m2e.jdt.JarLifecycleMapping lifecycle mapping for MavenProject: org.deeplearning4j:nd4j-examples:0.9.1 @ /Volumes/MacStorage/WorkCodes/GitHub/DeepLearning/AI_III/deeplearning4j-examples-parent/nd4j-examples/pom.xml.
2018-02-10 00:18:52,378 [Worker-116] INFO  o.e.m.c.i.l.LifecycleMappingFactory - Using org.eclipse.m2e.jdt.JarLifecycleMapping lifecycle mapping for MavenProject: org.deeplearning4j:datavec-examples:0.9.1 @ /Volumes/MacStorage/WorkCodes/GitHub/DeepLearning/AI_III/deeplearning4j-examples-parent/datavec-examples/pom.xml.
2018-02-10 00:18:52,824 [Worker-116] INFO  o.e.m.c.i.l.LifecycleMappingFactory - Using org.eclipse.m2e.jdt.JarLifecycleMapping lifecycle mapping for MavenProject: org.deeplearning4j:dl4j-cuda-specific-examples:0.9.1 @ /Volumes/MacStorage/WorkCodes/GitHub/DeepLearning/AI_III/deeplearning4j-examples-parent/dl4j-cuda-specific-examples/pom.xml.
2018-02-10 00:18:53,218 [Worker-116] INFO  o.e.m.c.i.l.LifecycleMappingFactory - Using NULL lifecycle mapping for MavenProject: org.deeplearning4j:dl4j-spark-examples:0.9.1 @ /Volumes/MacStorage/WorkCodes/GitHub/DeepLearning/AI_III/deeplearning4j-examples-parent/dl4j-spark-examples/pom.xml.
2018-02-10 00:18:53,356 [Worker-116] INFO  o.e.m.c.i.l.LifecycleMappingFactory - Using org.eclipse.m2e.jdt.JarLifecycleMapping lifecycle mapping for MavenProject: org.deeplearning4j.examples:lstm-hdfs:0.9.1 @ /Volumes/MacStorage/WorkCodes/GitHub/DeepLearning/AI_III/deeplearning4j-examples-parent/lstm-hdfs/pom.xml.
2018-02-10 00:18:53,897 [Worker-116] INFO  o.e.m.c.i.l.LifecycleMappingFactory - Using org.eclipse.m2e.jdt.JarLifecycleMapping lifecycle mapping for MavenProject: org.deeplearning4j:dl4j-examples:0.9.1 @ /Volumes/MacStorage/WorkCodes/GitHub/DeepLearning/AI_III/deeplearning4j-examples-parent/dl4j-examples/pom.xml.
2018-02-10 00:18:54,065 [Worker-116] INFO  o.e.m.c.i.l.LifecycleMappingFactory - Using org.eclipse.m2e.jdt.JarLifecycleMapping lifecycle mapping for MavenProject: org.deeplearning4j:rl4j-examples:0.9.1 @ /Volumes/MacStorage/WorkCodes/GitHub/DeepLearning/AI_III/deeplearning4j-examples-parent/rl4j-examples/pom.xml.
2018-02-10 00:18:54,266 [Worker-116] INFO  o.e.m.c.i.l.LifecycleMappingFactory - Using org.eclipse.m2e.jdt.JarLifecycleMapping lifecycle mapping for MavenProject: org.deeplearning4j:DeepLearningXOR:0.9.1 @ /Volumes/MacStorage/WorkCodes/GitHub/DeepLearning/AI_III/deeplearning4j-examples-parent/DeepLearningXOR/pom.xml.
2018-02-10 00:18:54,306 [Worker-116] INFO  o.e.m.c.i.l.LifecycleMappingFactory - Using org.eclipse.m2e.jdt.JarLifecycleMapping lifecycle mapping for MavenProject: org.deeplearning4j:dl4j-spark:0.9.1 @ /Volumes/MacStorage/WorkCodes/GitHub/DeepLearning/AI_III/deeplearning4j-examples-parent/dl4j-spark-examples/dl4j-spark/pom.xml.
2018-02-10 00:18:56,367 [Worker-116] INFO  o.e.m.c.i.embedder.EclipseLogger - Using 'UTF-8' encoding to copy filtered resources.
2018-02-10 00:18:56,369 [Worker-116] INFO  o.e.m.c.i.embedder.EclipseLogger - Copying 0 resource
2018-02-10 00:18:56,372 [Worker-116] INFO  o.e.m.c.i.embedder.EclipseLogger - Using 'UTF-8' encoding to copy filtered resources.
2018-02-10 00:18:56,372 [Worker-116] INFO  o.e.m.c.i.embedder.EclipseLogger - skip non existing resourceDirectory /Volumes/MacStorage/WorkCodes/GitHub/DeepLearning/AI_III/deeplearning4j-examples-parent/dl4j-cuda-specific-examples/src/test/resources
2018-02-10 00:18:57,160 [Worker-116] INFO  o.e.m.c.i.embedder.EclipseLogger - Using 'UTF-8' encoding to copy filtered resources.
2018-02-10 00:18:57,160 [Worker-116] INFO  o.e.m.c.i.embedder.EclipseLogger - Copying 0 resource
2018-02-10 00:18:57,164 [Worker-116] INFO  o.e.m.c.i.embedder.EclipseLogger - Using 'UTF-8' encoding to copy filtered resources.
2018-02-10 00:18:57,164 [Worker-116] INFO  o.e.m.c.i.embedder.EclipseLogger - skip non existing resourceDirectory /Volumes/MacStorage/WorkCodes/GitHub/DeepLearning/AI_III/deeplearning4j-examples-parent/dl4j-examples/src/test/resources
2018-02-10 00:18:58,922 [Worker-116] INFO  o.e.m.c.i.embedder.EclipseLogger - Using 'UTF-8' encoding to copy filtered resources.
2018-02-10 00:18:58,922 [Worker-116] INFO  o.e.m.c.i.embedder.EclipseLogger - Copying 0 resource
2018-02-10 00:18:58,924 [Worker-116] INFO  o.e.m.c.i.embedder.EclipseLogger - Using 'UTF-8' encoding to copy filtered resources.
2018-02-10 00:18:58,924 [Worker-116] INFO  o.e.m.c.i.embedder.EclipseLogger - skip non existing resourceDirectory /Volumes/MacStorage/WorkCodes/GitHub/DeepLearning/AI_III/deeplearning4j-examples-parent/dl4j-spark-examples/dl4j-spark/src/test/resources
2018-02-10 00:19:00,159 [Worker-123] INFO  o.e.m.c.i.embedder.EclipseLogger - Using 'UTF-8' encoding to copy filtered resources.
2018-02-10 00:19:00,159 [Worker-123] INFO  o.e.m.c.i.embedder.EclipseLogger - Copying 0 resource
2018-02-10 00:19:00,160 [Worker-123] INFO  o.e.m.c.i.embedder.EclipseLogger - Using 'UTF-8' encoding to copy filtered resources.
2018-02-10 00:19:00,161 [Worker-123] INFO  o.e.m.c.i.embedder.EclipseLogger - Copying 0 resource
2018-02-10 00:19:00,579 [Worker-123] INFO  o.e.m.c.i.embedder.EclipseLogger - Using 'UTF-8' encoding to copy filtered resources.
2018-02-10 00:19:00,579 [Worker-123] INFO  o.e.m.c.i.embedder.EclipseLogger - Copying 0 resource
2018-02-10 00:19:00,580 [Worker-123] INFO  o.e.m.c.i.embedder.EclipseLogger - Using 'UTF-8' encoding to copy filtered resources.
2018-02-10 00:19:00,580 [Worker-123] INFO  o.e.m.c.i.embedder.EclipseLogger - skip non existing resourceDirectory /Volumes/MacStorage/WorkCodes/GitHub/DeepLearning/AI_III/deeplearning4j-examples-parent/datavec-examples/src/test/resources
2018-02-10 00:19:00,592 [Worker-123] INFO  o.e.m.c.i.embedder.EclipseLogger - Using 'UTF-8' encoding to copy filtered resources.
2018-02-10 00:19:00,593 [Worker-123] INFO  o.e.m.c.i.embedder.EclipseLogger - Copying 0 resource
2018-02-10 00:19:00,598 [Worker-123] INFO  o.e.m.c.i.embedder.EclipseLogger - Using 'UTF-8' encoding to copy filtered resources.
2018-02-10 00:19:00,598 [Worker-123] INFO  o.e.m.c.i.embedder.EclipseLogger - skip non existing resourceDirectory /Volumes/MacStorage/WorkCodes/GitHub/DeepLearning/AI_III/deeplearning4j-examples-parent/dl4j-cuda-specific-examples/src/test/resources
2018-02-10 00:19:00,610 [Worker-123] INFO  o.e.m.c.i.embedder.EclipseLogger - Using 'UTF-8' encoding to copy filtered resources.
2018-02-10 00:19:00,611 [Worker-123] INFO  o.e.m.c.i.embedder.EclipseLogger - Copying 0 resource
2018-02-10 00:19:00,612 [Worker-123] INFO  o.e.m.c.i.embedder.EclipseLogger - Using 'UTF-8' encoding to copy filtered resources.
2018-02-10 00:19:00,612 [Worker-123] INFO  o.e.m.c.i.embedder.EclipseLogger - skip non existing resourceDirectory /Volumes/MacStorage/WorkCodes/GitHub/DeepLearning/AI_III/deeplearning4j-examples-parent/dl4j-examples/src/test/resources
2018-02-10 00:19:01,394 [Worker-123] INFO  o.e.m.c.i.embedder.EclipseLogger - Using 'UTF-8' encoding to copy filtered resources.
2018-02-10 00:19:01,395 [Worker-123] INFO  o.e.m.c.i.embedder.EclipseLogger - skip non existing resourceDirectory /Volumes/MacStorage/WorkCodes/GitHub/DeepLearning/AI_III/deeplearning4j-examples-parent/lstm-hdfs/src/main/resources
2018-02-10 00:19:01,400 [Worker-123] INFO  o.e.m.c.i.embedder.EclipseLogger - Using 'UTF-8' encoding to copy filtered resources.
2018-02-10 00:19:01,400 [Worker-123] INFO  o.e.m.c.i.embedder.EclipseLogger - skip non existing resourceDirectory /Volumes/MacStorage/WorkCodes/GitHub/DeepLearning/AI_III/deeplearning4j-examples-parent/lstm-hdfs/src/test/resources
2018-02-10 00:19:01,504 [Worker-123] INFO  o.e.m.c.i.embedder.EclipseLogger - Using 'UTF-8' encoding to copy filtered resources.
2018-02-10 00:19:01,504 [Worker-123] INFO  o.e.m.c.i.embedder.EclipseLogger - Copying 0 resource
2018-02-10 00:19:01,505 [Worker-123] INFO  o.e.m.c.i.embedder.EclipseLogger - Using 'UTF-8' encoding to copy filtered resources.
2018-02-10 00:19:01,505 [Worker-123] INFO  o.e.m.c.i.embedder.EclipseLogger - skip non existing resourceDirectory /Volumes/MacStorage/WorkCodes/GitHub/DeepLearning/AI_III/deeplearning4j-examples-parent/nd4j-examples/src/test/resources
2018-02-10 00:19:01,818 [Worker-123] INFO  o.e.m.c.i.embedder.EclipseLogger - Using 'UTF-8' encoding to copy filtered resources.
2018-02-10 00:19:01,818 [Worker-123] INFO  o.e.m.c.i.embedder.EclipseLogger - Copying 0 resource
2018-02-10 00:19:01,821 [Worker-123] INFO  o.e.m.c.i.embedder.EclipseLogger - Using 'UTF-8' encoding to copy filtered resources.
2018-02-10 00:19:01,822 [Worker-123] INFO  o.e.m.c.i.embedder.EclipseLogger - skip non existing resourceDirectory /Volumes/MacStorage/WorkCodes/GitHub/DeepLearning/AI_III/deeplearning4j-examples-parent/rl4j-examples/src/test/resources
2018-02-10 00:19:40,779 [Worker-119] INFO  o.e.m.c.i.embedder.EclipseLogger - Using 'UTF-8' encoding to copy filtered resources.
2018-02-10 00:19:40,782 [Worker-119] INFO  o.e.m.c.i.embedder.EclipseLogger - Copying 0 resource
2018-02-10 00:19:40,783 [Worker-119] INFO  o.e.m.c.i.embedder.EclipseLogger - Using 'UTF-8' encoding to copy filtered resources.
2018-02-10 00:19:40,783 [Worker-119] INFO  o.e.m.c.i.embedder.EclipseLogger - Copying 0 resource
2018-02-10 00:19:43,163 [Worker-119] INFO  o.e.m.c.i.embedder.EclipseLogger - Using 'UTF-8' encoding to copy filtered resources.
2018-02-10 00:19:43,163 [Worker-119] INFO  o.e.m.c.i.embedder.EclipseLogger - Copying 0 resource
2018-02-10 00:19:43,165 [Worker-119] INFO  o.e.m.c.i.embedder.EclipseLogger - Using 'UTF-8' encoding to copy filtered resources.
2018-02-10 00:19:43,165 [Worker-119] INFO  o.e.m.c.i.embedder.EclipseLogger - Copying 0 resource
2018-02-10 00:19:44,016 [Worker-119] INFO  o.e.m.c.i.embedder.EclipseLogger - Using 'UTF-8' encoding to copy filtered resources.
2018-02-10 00:19:44,017 [Worker-119] INFO  o.e.m.c.i.embedder.EclipseLogger - Copying 0 resource
2018-02-10 00:19:44,018 [Worker-119] INFO  o.e.m.c.i.embedder.EclipseLogger - Using 'UTF-8' encoding to copy filtered resources.
2018-02-10 00:19:44,018 [Worker-119] INFO  o.e.m.c.i.embedder.EclipseLogger - skip non existing resourceDirectory /Volumes/MacStorage/WorkCodes/GitHub/DeepLearning/AI_III/deeplearning4j-examples-parent/datavec-examples/src/test/resources
2018-02-10 00:19:45,057 [Worker-119] INFO  o.e.m.c.i.embedder.EclipseLogger - Using 'UTF-8' encoding to copy filtered resources.
2018-02-10 00:19:45,058 [Worker-119] INFO  o.e.m.c.i.embedder.EclipseLogger - Copying 0 resource
2018-02-10 00:19:45,059 [Worker-119] INFO  o.e.m.c.i.embedder.EclipseLogger - Using 'UTF-8' encoding to copy filtered resources.
2018-02-10 00:19:45,059 [Worker-119] INFO  o.e.m.c.i.embedder.EclipseLogger - skip non existing resourceDirectory /Volumes/MacStorage/WorkCodes/GitHub/DeepLearning/AI_III/deeplearning4j-examples-parent/dl4j-cuda-specific-examples/src/test/resources
2018-02-10 00:19:46,752 [Worker-116] INFO  o.e.m.c.i.embedder.EclipseLogger - Using 'UTF-8' encoding to copy filtered resources.
2018-02-10 00:19:46,752 [Worker-116] INFO  o.e.m.c.i.embedder.EclipseLogger - Copying 0 resource
2018-02-10 00:19:46,753 [Worker-116] INFO  o.e.m.c.i.embedder.EclipseLogger - Using 'UTF-8' encoding to copy filtered resources.
2018-02-10 00:19:46,754 [Worker-116] INFO  o.e.m.c.i.embedder.EclipseLogger - skip non existing resourceDirectory /Volumes/MacStorage/WorkCodes/GitHub/DeepLearning/AI_III/deeplearning4j-examples-parent/dl4j-examples/src/test/resources
2018-02-10 00:19:47,699 [Worker-116] INFO  o.e.m.c.i.embedder.EclipseLogger - Using 'UTF-8' encoding to copy filtered resources.
2018-02-10 00:19:47,700 [Worker-116] INFO  o.e.m.c.i.embedder.EclipseLogger - Copying 0 resource
2018-02-10 00:19:47,702 [Worker-116] INFO  o.e.m.c.i.embedder.EclipseLogger - Using 'UTF-8' encoding to copy filtered resources.
2018-02-10 00:19:47,702 [Worker-116] INFO  o.e.m.c.i.embedder.EclipseLogger - skip non existing resourceDirectory /Volumes/MacStorage/WorkCodes/GitHub/DeepLearning/AI_III/deeplearning4j-examples-parent/dl4j-spark-examples/dl4j-spark/src/test/resources
2018-02-10 00:19:49,390 [Worker-116] INFO  o.e.m.c.i.embedder.EclipseLogger - Using 'UTF-8' encoding to copy filtered resources.
2018-02-10 00:19:49,390 [Worker-116] INFO  o.e.m.c.i.embedder.EclipseLogger - skip non existing resourceDirectory /Volumes/MacStorage/WorkCodes/GitHub/DeepLearning/AI_III/deeplearning4j-examples-parent/lstm-hdfs/src/main/resources
2018-02-10 00:19:49,391 [Worker-116] INFO  o.e.m.c.i.embedder.EclipseLogger - Using 'UTF-8' encoding to copy filtered resources.
2018-02-10 00:19:49,392 [Worker-116] INFO  o.e.m.c.i.embedder.EclipseLogger - skip non existing resourceDirectory /Volumes/MacStorage/WorkCodes/GitHub/DeepLearning/AI_III/deeplearning4j-examples-parent/lstm-hdfs/src/test/resources
2018-02-10 00:19:49,501 [Worker-116] INFO  o.e.m.c.i.embedder.EclipseLogger - Using 'UTF-8' encoding to copy filtered resources.
2018-02-10 00:19:49,501 [Worker-116] INFO  o.e.m.c.i.embedder.EclipseLogger - Copying 0 resource
2018-02-10 00:19:49,502 [Worker-116] INFO  o.e.m.c.i.embedder.EclipseLogger - Using 'UTF-8' encoding to copy filtered resources.
2018-02-10 00:19:49,503 [Worker-116] INFO  o.e.m.c.i.embedder.EclipseLogger - skip non existing resourceDirectory /Volumes/MacStorage/WorkCodes/GitHub/DeepLearning/AI_III/deeplearning4j-examples-parent/nd4j-examples/src/test/resources
2018-02-10 00:19:49,843 [Worker-116] INFO  o.e.m.c.i.embedder.EclipseLogger - Using 'UTF-8' encoding to copy filtered resources.
2018-02-10 00:19:49,843 [Worker-116] INFO  o.e.m.c.i.embedder.EclipseLogger - Copying 0 resource
2018-02-10 00:19:49,845 [Worker-116] INFO  o.e.m.c.i.embedder.EclipseLogger - Using 'UTF-8' encoding to copy filtered resources.
2018-02-10 00:19:49,846 [Worker-116] INFO  o.e.m.c.i.embedder.EclipseLogger - skip non existing resourceDirectory /Volumes/MacStorage/WorkCodes/GitHub/DeepLearning/AI_III/deeplearning4j-examples-parent/rl4j-examples/src/test/resources
2018-02-10 00:19:59,410 [Worker-123] INFO  o.e.m.c.i.embedder.EclipseLogger - Using 'UTF-8' encoding to copy filtered resources.
2018-02-10 00:19:59,411 [Worker-123] INFO  o.e.m.c.i.embedder.EclipseLogger - Copying 0 resource
2018-02-10 00:19:59,412 [Worker-123] INFO  o.e.m.c.i.embedder.EclipseLogger - Using 'UTF-8' encoding to copy filtered resources.
2018-02-10 00:19:59,412 [Worker-123] INFO  o.e.m.c.i.embedder.EclipseLogger - Copying 0 resource
2018-02-10 00:20:01,502 [Worker-125] INFO  o.e.m.c.i.embedder.EclipseLogger - Using 'UTF-8' encoding to copy filtered resources.
2018-02-10 00:20:01,502 [Worker-125] INFO  o.e.m.c.i.embedder.EclipseLogger - Copying 0 resource
2018-02-10 00:20:01,504 [Worker-125] INFO  o.e.m.c.i.embedder.EclipseLogger - Using 'UTF-8' encoding to copy filtered resources.
2018-02-10 00:20:01,504 [Worker-125] INFO  o.e.m.c.i.embedder.EclipseLogger - Copying 0 resource
2018-02-10 00:21:35,426 [Worker-122] INFO  o.e.m.c.i.l.LifecycleMappingFactory - Using org.eclipse.m2e.jdt.JarLifecycleMapping lifecycle mapping for MavenProject: org.deeplearning4j:DeepLearningXOR:0.9.1 @ /Volumes/MacStorage/WorkCodes/GitHub/DeepLearning/AI_III/deeplearning4j-examples-parent/DeepLearningXOR/pom.xml.
2018-02-10 00:21:36,026 [Worker-122] INFO  o.e.m.c.i.embedder.EclipseLogger - Using 'UTF-8' encoding to copy filtered resources.
2018-02-10 00:21:36,026 [Worker-122] INFO  o.e.m.c.i.embedder.EclipseLogger - Copying 0 resource
2018-02-10 00:21:36,027 [Worker-122] INFO  o.e.m.c.i.embedder.EclipseLogger - Using 'UTF-8' encoding to copy filtered resources.
2018-02-10 00:21:36,027 [Worker-122] INFO  o.e.m.c.i.embedder.EclipseLogger - Copying 0 resource
2018-02-10 00:21:38,315 [Worker-124] INFO  o.e.m.c.i.embedder.EclipseLogger - Using 'UTF-8' encoding to copy filtered resources.
2018-02-10 00:21:38,315 [Worker-124] INFO  o.e.m.c.i.embedder.EclipseLogger - Copying 0 resource
2018-02-10 00:21:38,316 [Worker-124] INFO  o.e.m.c.i.embedder.EclipseLogger - Using 'UTF-8' encoding to copy filtered resources.
2018-02-10 00:21:38,317 [Worker-124] INFO  o.e.m.c.i.embedder.EclipseLogger - Copying 0 resource
2018-02-10 00:21:52,176 [Worker-124] INFO  o.e.m.c.i.p.ProjectConfigurationManager - Update started
2018-02-10 00:21:52,373 [Worker-124] INFO  o.e.m.c.i.l.LifecycleMappingFactory - Using org.eclipse.m2e.jdt.JarLifecycleMapping lifecycle mapping for MavenProject: org.deeplearning4j:DeepLearningXOR:0.9.1 @ /Volumes/MacStorage/WorkCodes/GitHub/DeepLearning/AI_III/deeplearning4j-examples-parent/DeepLearningXOR/pom.xml.
2018-02-10 00:21:52,905 [Worker-124] INFO  o.e.m.j.i.AbstractJavaProjectConfigurator - Adding source folder /DeepLearningXOR/src/main/java
2018-02-10 00:21:52,906 [Worker-124] INFO  o.e.m.j.i.AbstractJavaProjectConfigurator - Adding resource folder /DeepLearningXOR/src/main/resources
2018-02-10 00:21:52,906 [Worker-124] INFO  o.e.m.j.i.AbstractJavaProjectConfigurator - Adding source folder /DeepLearningXOR/src/test/java
2018-02-10 00:21:52,906 [Worker-124] INFO  o.e.m.j.i.AbstractJavaProjectConfigurator - Adding resource folder /DeepLearningXOR/src/test/resources
2018-02-10 00:21:53,152 [Worker-124] INFO  o.e.m.c.i.p.ProjectConfigurationManager - Update completed: 0 sec
2018-02-10 00:21:53,828 [Worker-122] INFO  o.e.m.c.i.embedder.EclipseLogger - Using 'UTF-8' encoding to copy filtered resources.
2018-02-10 00:21:53,828 [Worker-122] INFO  o.e.m.c.i.embedder.EclipseLogger - Copying 0 resource
2018-02-10 00:21:53,830 [Worker-122] INFO  o.e.m.c.i.embedder.EclipseLogger - Using 'UTF-8' encoding to copy filtered resources.
2018-02-10 00:21:53,830 [Worker-122] INFO  o.e.m.c.i.embedder.EclipseLogger - Copying 0 resource
2018-02-10 00:24:07,172 [Worker-122] INFO  o.e.m.c.i.embedder.EclipseLogger - Using 'UTF-8' encoding to copy filtered resources.
2018-02-10 00:24:07,172 [Worker-122] INFO  o.e.m.c.i.embedder.EclipseLogger - Copying 0 resource
2018-02-10 00:24:07,174 [Worker-122] INFO  o.e.m.c.i.embedder.EclipseLogger - Using 'UTF-8' encoding to copy filtered resources.
2018-02-10 00:24:07,174 [Worker-122] INFO  o.e.m.c.i.embedder.EclipseLogger - Copying 0 resource
2018-02-10 00:26:47,237 [Worker-128] INFO  o.e.m.c.i.embedder.EclipseLogger - Using 'UTF-8' encoding to copy filtered resources.
2018-02-10 00:26:47,238 [Worker-128] INFO  o.e.m.c.i.embedder.EclipseLogger - Copying 0 resource
2018-02-10 00:26:47,239 [Worker-128] INFO  o.e.m.c.i.embedder.EclipseLogger - Using 'UTF-8' encoding to copy filtered resources.
2018-02-10 00:26:47,239 [Worker-128] INFO  o.e.m.c.i.embedder.EclipseLogger - Copying 0 resource
2018-02-10 00:27:37,495 [Worker-123] INFO  o.e.m.c.i.embedder.EclipseLogger - Using 'UTF-8' encoding to copy filtered resources.
2018-02-10 00:27:37,495 [Worker-123] INFO  o.e.m.c.i.embedder.EclipseLogger - Copying 0 resource
2018-02-10 00:27:37,496 [Worker-123] INFO  o.e.m.c.i.embedder.EclipseLogger - Using 'UTF-8' encoding to copy filtered resources.
2018-02-10 00:27:37,497 [Worker-123] INFO  o.e.m.c.i.embedder.EclipseLogger - Copying 0 resource
2018-02-10 00:29:37,711 [Worker-133] INFO  o.e.m.c.i.embedder.EclipseLogger - Using 'UTF-8' encoding to copy filtered resources.
2018-02-10 00:29:37,713 [Worker-133] INFO  o.e.m.c.i.embedder.EclipseLogger - Copying 0 resource
2018-02-10 00:29:37,715 [Worker-133] INFO  o.e.m.c.i.embedder.EclipseLogger - Using 'UTF-8' encoding to copy filtered resources.
2018-02-10 00:29:37,715 [Worker-133] INFO  o.e.m.c.i.embedder.EclipseLogger - Copying 0 resource
2018-02-10 00:31:05,036 [Worker-133] INFO  o.e.m.c.i.embedder.EclipseLogger - Using 'UTF-8' encoding to copy filtered resources.
2018-02-10 00:31:05,037 [Worker-133] INFO  o.e.m.c.i.embedder.EclipseLogger - Copying 0 resource
2018-02-10 00:31:05,039 [Worker-133] INFO  o.e.m.c.i.embedder.EclipseLogger - Using 'UTF-8' encoding to copy filtered resources.
2018-02-10 00:31:05,039 [Worker-133] INFO  o.e.m.c.i.embedder.EclipseLogger - Copying 0 resource
2018-02-10 00:33:26,177 [Worker-131] INFO  o.e.m.c.i.embedder.EclipseLogger - Using 'UTF-8' encoding to copy filtered resources.
2018-02-10 00:33:26,177 [Worker-131] INFO  o.e.m.c.i.embedder.EclipseLogger - Copying 0 resource
2018-02-10 00:33:26,179 [Worker-131] INFO  o.e.m.c.i.embedder.EclipseLogger - Using 'UTF-8' encoding to copy filtered resources.
2018-02-10 00:33:26,179 [Worker-131] INFO  o.e.m.c.i.embedder.EclipseLogger - Copying 0 resource
2018-02-10 00:37:59,500 [Worker-138] INFO  o.e.m.c.i.l.LifecycleMappingFactory - Using org.eclipse.m2e.jdt.JarLifecycleMapping lifecycle mapping for MavenProject: org.deeplearning4j:DeepLearningXOR:0.9.1 @ /Volumes/MacStorage/WorkCodes/GitHub/DeepLearning/AI_III/deeplearning4j-examples-parent/DeepLearningXOR/pom.xml.
2018-02-10 00:38:00,272 [Worker-138] INFO  o.e.m.c.i.embedder.EclipseLogger - Using 'UTF-8' encoding to copy filtered resources.
2018-02-10 00:38:00,272 [Worker-138] INFO  o.e.m.c.i.embedder.EclipseLogger - Copying 0 resource
2018-02-10 00:38:00,273 [Worker-138] INFO  o.e.m.c.i.embedder.EclipseLogger - Using 'UTF-8' encoding to copy filtered resources.
2018-02-10 00:38:00,273 [Worker-138] INFO  o.e.m.c.i.embedder.EclipseLogger - Copying 0 resource
2018-02-10 00:38:00,611 [Worker-139] ERROR o.e.m.j.i.l.MavenLaunchConfigurationListener - Launch configuration App references non-existing project DeepLearningXOR.
org.eclipse.core.runtime.CoreException: Launch configuration App references non-existing project DeepLearningXOR.
	at org.eclipse.jdt.launching.JavaRuntime.abort(JavaRuntime.java:1408) ~[org.eclipse.jdt.launching_3.8.101.v20161111-2014.jar:na]
	at org.eclipse.jdt.launching.JavaRuntime.getJavaProject(JavaRuntime.java:1283) ~[org.eclipse.jdt.launching_3.8.101.v20161111-2014.jar:na]
	at org.eclipse.m2e.jdt.internal.launch.MavenLaunchConfigurationListener.updateLaunchConfiguration(MavenLaunchConfigurationListener.java:53) [org.eclipse.m2e.jdt_1.7.0.20160603-1933.jar:na]
	at org.eclipse.m2e.jdt.internal.launch.MavenLaunchConfigurationListener.launchConfigurationChanged(MavenLaunchConfigurationListener.java:38) [org.eclipse.m2e.jdt_1.7.0.20160603-1933.jar:na]
	at org.eclipse.debug.internal.core.LaunchManager$ConfigurationNotifier.run(LaunchManager.java:226) [org.eclipse.debug.core_3.10.100.v20160419-1720.jar:na]
	at org.eclipse.core.runtime.SafeRunner.run(SafeRunner.java:42) [org.eclipse.equinox.common_3.8.0.v20160509-1230.jar:na]
	at org.eclipse.debug.internal.core.LaunchManager$ConfigurationNotifier.notify(LaunchManager.java:207) [org.eclipse.debug.core_3.10.100.v20160419-1720.jar:na]
	at org.eclipse.debug.internal.core.LaunchConfigurationWorkingCopy.setDirty(LaunchConfigurationWorkingCopy.java:552) [org.eclipse.debug.core_3.10.100.v20160419-1720.jar:na]
	at org.eclipse.debug.internal.core.LaunchConfigurationWorkingCopy.setAttribute(LaunchConfigurationWorkingCopy.java:425) [org.eclipse.debug.core_3.10.100.v20160419-1720.jar:na]
	at org.eclipse.m2e.jdt.internal.launch.MavenRuntimeClasspathProvider.disable(MavenRuntimeClasspathProvider.java:309) [org.eclipse.m2e.jdt_1.7.0.20160603-1933.jar:na]
	at org.eclipse.m2e.jdt.internal.launch.MavenRuntimeClasspathProvider.disable(MavenRuntimeClasspathProvider.java:335) [org.eclipse.m2e.jdt_1.7.0.20160603-1933.jar:na]
	at org.eclipse.m2e.jdt.internal.launch.MavenLaunchConfigurationListener.mavenProjectChanged(MavenLaunchConfigurationListener.java:70) [org.eclipse.m2e.jdt_1.7.0.20160603-1933.jar:na]
	at org.eclipse.m2e.core.internal.project.registry.ProjectRegistryManager.notifyProjectChangeListeners(ProjectRegistryManager.java:783) [org.eclipse.m2e.core_1.7.0.20160603-1933.jar:na]
	at org.eclipse.m2e.core.internal.project.registry.ProjectRegistryManager.applyMutableProjectRegistry(ProjectRegistryManager.java:930) [org.eclipse.m2e.core_1.7.0.20160603-1933.jar:na]
	at org.eclipse.m2e.core.internal.project.registry.ProjectRegistryRefreshJob$1.call(ProjectRegistryRefreshJob.java:98) [org.eclipse.m2e.core_1.7.0.20160603-1933.jar:na]
	at org.eclipse.m2e.core.internal.project.registry.ProjectRegistryRefreshJob$1.call(ProjectRegistryRefreshJob.java:1) [org.eclipse.m2e.core_1.7.0.20160603-1933.jar:na]
	at org.eclipse.m2e.core.internal.embedder.MavenExecutionContext.executeBare(MavenExecutionContext.java:176) [org.eclipse.m2e.core_1.7.0.20160603-1933.jar:na]
	at org.eclipse.m2e.core.internal.embedder.MavenExecutionContext.execute(MavenExecutionContext.java:151) [org.eclipse.m2e.core_1.7.0.20160603-1933.jar:na]
	at org.eclipse.m2e.core.internal.embedder.MavenExecutionContext.execute(MavenExecutionContext.java:99) [org.eclipse.m2e.core_1.7.0.20160603-1933.jar:na]
	at org.eclipse.m2e.core.internal.embedder.MavenImpl.execute(MavenImpl.java:1355) [org.eclipse.m2e.core_1.7.0.20160603-1933.jar:na]
	at org.eclipse.m2e.core.internal.project.registry.ProjectRegistryRefreshJob.run(ProjectRegistryRefreshJob.java:81) [org.eclipse.m2e.core_1.7.0.20160603-1933.jar:na]
	at org.eclipse.core.internal.jobs.Worker.run(Worker.java:55) [org.eclipse.core.jobs_3.8.0.v20160509-0411.jar:na]
2018-02-10 00:38:00,614 [Worker-139] ERROR o.e.m.j.i.l.MavenLaunchConfigurationListener - Launch configuration App references non-existing project DeepLearningXOR.
org.eclipse.core.runtime.CoreException: Launch configuration App references non-existing project DeepLearningXOR.
	at org.eclipse.jdt.launching.JavaRuntime.abort(JavaRuntime.java:1408) ~[org.eclipse.jdt.launching_3.8.101.v20161111-2014.jar:na]
	at org.eclipse.jdt.launching.JavaRuntime.getJavaProject(JavaRuntime.java:1283) ~[org.eclipse.jdt.launching_3.8.101.v20161111-2014.jar:na]
	at org.eclipse.m2e.jdt.internal.launch.MavenLaunchConfigurationListener.updateLaunchConfiguration(MavenLaunchConfigurationListener.java:53) [org.eclipse.m2e.jdt_1.7.0.20160603-1933.jar:na]
	at org.eclipse.m2e.jdt.internal.launch.MavenLaunchConfigurationListener.launchConfigurationChanged(MavenLaunchConfigurationListener.java:38) [org.eclipse.m2e.jdt_1.7.0.20160603-1933.jar:na]
	at org.eclipse.debug.internal.core.LaunchManager$ConfigurationNotifier.run(LaunchManager.java:226) [org.eclipse.debug.core_3.10.100.v20160419-1720.jar:na]
	at org.eclipse.core.runtime.SafeRunner.run(SafeRunner.java:42) [org.eclipse.equinox.common_3.8.0.v20160509-1230.jar:na]
	at org.eclipse.debug.internal.core.LaunchManager$ConfigurationNotifier.notify(LaunchManager.java:207) [org.eclipse.debug.core_3.10.100.v20160419-1720.jar:na]
	at org.eclipse.debug.internal.core.LaunchConfigurationWorkingCopy.setDirty(LaunchConfigurationWorkingCopy.java:552) [org.eclipse.debug.core_3.10.100.v20160419-1720.jar:na]
	at org.eclipse.debug.internal.core.LaunchConfigurationWorkingCopy.setAttribute(LaunchConfigurationWorkingCopy.java:425) [org.eclipse.debug.core_3.10.100.v20160419-1720.jar:na]
	at org.eclipse.m2e.jdt.internal.launch.MavenRuntimeClasspathProvider.disable(MavenRuntimeClasspathProvider.java:310) [org.eclipse.m2e.jdt_1.7.0.20160603-1933.jar:na]
	at org.eclipse.m2e.jdt.internal.launch.MavenRuntimeClasspathProvider.disable(MavenRuntimeClasspathProvider.java:335) [org.eclipse.m2e.jdt_1.7.0.20160603-1933.jar:na]
	at org.eclipse.m2e.jdt.internal.launch.MavenLaunchConfigurationListener.mavenProjectChanged(MavenLaunchConfigurationListener.java:70) [org.eclipse.m2e.jdt_1.7.0.20160603-1933.jar:na]
	at org.eclipse.m2e.core.internal.project.registry.ProjectRegistryManager.notifyProjectChangeListeners(ProjectRegistryManager.java:783) [org.eclipse.m2e.core_1.7.0.20160603-1933.jar:na]
	at org.eclipse.m2e.core.internal.project.registry.ProjectRegistryManager.applyMutableProjectRegistry(ProjectRegistryManager.java:930) [org.eclipse.m2e.core_1.7.0.20160603-1933.jar:na]
	at org.eclipse.m2e.core.internal.project.registry.ProjectRegistryRefreshJob$1.call(ProjectRegistryRefreshJob.java:98) [org.eclipse.m2e.core_1.7.0.20160603-1933.jar:na]
	at org.eclipse.m2e.core.internal.project.registry.ProjectRegistryRefreshJob$1.call(ProjectRegistryRefreshJob.java:1) [org.eclipse.m2e.core_1.7.0.20160603-1933.jar:na]
	at org.eclipse.m2e.core.internal.embedder.MavenExecutionContext.executeBare(MavenExecutionContext.java:176) [org.eclipse.m2e.core_1.7.0.20160603-1933.jar:na]
	at org.eclipse.m2e.core.internal.embedder.MavenExecutionContext.execute(MavenExecutionContext.java:151) [org.eclipse.m2e.core_1.7.0.20160603-1933.jar:na]
	at org.eclipse.m2e.core.internal.embedder.MavenExecutionContext.execute(MavenExecutionContext.java:99) [org.eclipse.m2e.core_1.7.0.20160603-1933.jar:na]
	at org.eclipse.m2e.core.internal.embedder.MavenImpl.execute(MavenImpl.java:1355) [org.eclipse.m2e.core_1.7.0.20160603-1933.jar:na]
	at org.eclipse.m2e.core.internal.project.registry.ProjectRegistryRefreshJob.run(ProjectRegistryRefreshJob.java:81) [org.eclipse.m2e.core_1.7.0.20160603-1933.jar:na]
	at org.eclipse.core.internal.jobs.Worker.run(Worker.java:55) [org.eclipse.core.jobs_3.8.0.v20160509-0411.jar:na]
2018-02-10 00:38:00,618 [Worker-139] ERROR o.e.m.j.i.l.MavenLaunchConfigurationListener - Launch configuration App references non-existing project DeepLearningXOR.
org.eclipse.core.runtime.CoreException: Launch configuration App references non-existing project DeepLearningXOR.
	at org.eclipse.jdt.launching.JavaRuntime.abort(JavaRuntime.java:1408) ~[org.eclipse.jdt.launching_3.8.101.v20161111-2014.jar:na]
	at org.eclipse.jdt.launching.JavaRuntime.getJavaProject(JavaRuntime.java:1283) ~[org.eclipse.jdt.launching_3.8.101.v20161111-2014.jar:na]
	at org.eclipse.m2e.jdt.internal.launch.MavenLaunchConfigurationListener.updateLaunchConfiguration(MavenLaunchConfigurationListener.java:53) [org.eclipse.m2e.jdt_1.7.0.20160603-1933.jar:na]
	at org.eclipse.m2e.jdt.internal.launch.MavenLaunchConfigurationListener.launchConfigurationChanged(MavenLaunchConfigurationListener.java:38) [org.eclipse.m2e.jdt_1.7.0.20160603-1933.jar:na]
	at org.eclipse.debug.internal.core.LaunchManager$ConfigurationNotifier.run(LaunchManager.java:226) [org.eclipse.debug.core_3.10.100.v20160419-1720.jar:na]
	at org.eclipse.core.runtime.SafeRunner.run(SafeRunner.java:42) [org.eclipse.equinox.common_3.8.0.v20160509-1230.jar:na]
	at org.eclipse.debug.internal.core.LaunchManager$ConfigurationNotifier.notify(LaunchManager.java:207) [org.eclipse.debug.core_3.10.100.v20160419-1720.jar:na]
	at org.eclipse.debug.internal.core.LaunchManager.launchConfigurationChanged(LaunchManager.java:2161) [org.eclipse.debug.core_3.10.100.v20160419-1720.jar:na]
	at org.eclipse.debug.internal.core.LaunchConfigurationWorkingCopy.writeNewFile(LaunchConfigurationWorkingCopy.java:384) [org.eclipse.debug.core_3.10.100.v20160419-1720.jar:na]
	at org.eclipse.debug.internal.core.LaunchConfigurationWorkingCopy.doSave0(LaunchConfigurationWorkingCopy.java:250) [org.eclipse.debug.core_3.10.100.v20160419-1720.jar:na]
	at org.eclipse.debug.internal.core.LaunchConfigurationWorkingCopy.doSave(LaunchConfigurationWorkingCopy.java:220) [org.eclipse.debug.core_3.10.100.v20160419-1720.jar:na]
	at org.eclipse.debug.internal.core.LaunchConfigurationWorkingCopy.doSave(LaunchConfigurationWorkingCopy.java:173) [org.eclipse.debug.core_3.10.100.v20160419-1720.jar:na]
	at org.eclipse.m2e.jdt.internal.launch.MavenRuntimeClasspathProvider.disable(MavenRuntimeClasspathProvider.java:311) [org.eclipse.m2e.jdt_1.7.0.20160603-1933.jar:na]
	at org.eclipse.m2e.jdt.internal.launch.MavenRuntimeClasspathProvider.disable(MavenRuntimeClasspathProvider.java:335) [org.eclipse.m2e.jdt_1.7.0.20160603-1933.jar:na]
	at org.eclipse.m2e.jdt.internal.launch.MavenLaunchConfigurationListener.mavenProjectChanged(MavenLaunchConfigurationListener.java:70) [org.eclipse.m2e.jdt_1.7.0.20160603-1933.jar:na]
	at org.eclipse.m2e.core.internal.project.registry.ProjectRegistryManager.notifyProjectChangeListeners(ProjectRegistryManager.java:783) [org.eclipse.m2e.core_1.7.0.20160603-1933.jar:na]
	at org.eclipse.m2e.core.internal.project.registry.ProjectRegistryManager.applyMutableProjectRegistry(ProjectRegistryManager.java:930) [org.eclipse.m2e.core_1.7.0.20160603-1933.jar:na]
	at org.eclipse.m2e.core.internal.project.registry.ProjectRegistryRefreshJob$1.call(ProjectRegistryRefreshJob.java:98) [org.eclipse.m2e.core_1.7.0.20160603-1933.jar:na]
	at org.eclipse.m2e.core.internal.project.registry.ProjectRegistryRefreshJob$1.call(ProjectRegistryRefreshJob.java:1) [org.eclipse.m2e.core_1.7.0.20160603-1933.jar:na]
	at org.eclipse.m2e.core.internal.embedder.MavenExecutionContext.executeBare(MavenExecutionContext.java:176) [org.eclipse.m2e.core_1.7.0.20160603-1933.jar:na]
	at org.eclipse.m2e.core.internal.embedder.MavenExecutionContext.execute(MavenExecutionContext.java:151) [org.eclipse.m2e.core_1.7.0.20160603-1933.jar:na]
	at org.eclipse.m2e.core.internal.embedder.MavenExecutionContext.execute(MavenExecutionContext.java:99) [org.eclipse.m2e.core_1.7.0.20160603-1933.jar:na]
	at org.eclipse.m2e.core.internal.embedder.MavenImpl.execute(MavenImpl.java:1355) [org.eclipse.m2e.core_1.7.0.20160603-1933.jar:na]
	at org.eclipse.m2e.core.internal.project.registry.ProjectRegistryRefreshJob.run(ProjectRegistryRefreshJob.java:81) [org.eclipse.m2e.core_1.7.0.20160603-1933.jar:na]
	at org.eclipse.core.internal.jobs.Worker.run(Worker.java:55) [org.eclipse.core.jobs_3.8.0.v20160509-0411.jar:na]
2018-02-10 00:38:01,807 [Worker-130] INFO  o.e.m.c.i.embedder.EclipseLogger - Using 'UTF-8' encoding to copy filtered resources.
2018-02-10 00:38:01,808 [Worker-130] INFO  o.e.m.c.i.embedder.EclipseLogger - Copying 0 resource
2018-02-10 00:38:01,809 [Worker-130] INFO  o.e.m.c.i.embedder.EclipseLogger - Using 'UTF-8' encoding to copy filtered resources.
2018-02-10 00:38:01,809 [Worker-130] INFO  o.e.m.c.i.embedder.EclipseLogger - Copying 0 resource
2018-02-10 00:44:47,344 [Worker-130] INFO  o.e.m.c.i.embedder.EclipseLogger - Using 'UTF-8' encoding to copy filtered resources.
2018-02-10 00:44:47,345 [Worker-130] INFO  o.e.m.c.i.embedder.EclipseLogger - Copying 0 resource
2018-02-10 00:44:47,346 [Worker-130] INFO  o.e.m.c.i.embedder.EclipseLogger - Using 'UTF-8' encoding to copy filtered resources.
2018-02-10 00:44:47,346 [Worker-130] INFO  o.e.m.c.i.embedder.EclipseLogger - Copying 0 resource
2018-02-10 00:44:51,605 [Worker-131] INFO  o.e.m.c.i.embedder.EclipseLogger - Using 'UTF-8' encoding to copy filtered resources.
2018-02-10 00:44:51,606 [Worker-131] INFO  o.e.m.c.i.embedder.EclipseLogger - Copying 0 resource
2018-02-10 00:44:51,607 [Worker-131] INFO  o.e.m.c.i.embedder.EclipseLogger - Using 'UTF-8' encoding to copy filtered resources.
2018-02-10 00:44:51,607 [Worker-131] INFO  o.e.m.c.i.embedder.EclipseLogger - Copying 0 resource
2018-02-10 00:47:56,892 [Worker-141] INFO  o.e.m.c.i.embedder.EclipseLogger - Using 'UTF-8' encoding to copy filtered resources.
2018-02-10 00:47:56,893 [Worker-141] INFO  o.e.m.c.i.embedder.EclipseLogger - Copying 0 resource
2018-02-10 00:47:56,894 [Worker-141] INFO  o.e.m.c.i.embedder.EclipseLogger - Using 'UTF-8' encoding to copy filtered resources.
2018-02-10 00:47:56,894 [Worker-141] INFO  o.e.m.c.i.embedder.EclipseLogger - Copying 0 resource
2018-02-10 00:51:22,638 [Worker-133] INFO  o.e.m.c.i.embedder.EclipseLogger - Using 'UTF-8' encoding to copy filtered resources.
2018-02-10 00:51:22,638 [Worker-133] INFO  o.e.m.c.i.embedder.EclipseLogger - Copying 0 resource
2018-02-10 00:51:22,639 [Worker-133] INFO  o.e.m.c.i.embedder.EclipseLogger - Using 'UTF-8' encoding to copy filtered resources.
2018-02-10 00:51:22,640 [Worker-133] INFO  o.e.m.c.i.embedder.EclipseLogger - Copying 0 resource
2018-02-10 00:51:43,755 [Worker-140] INFO  o.e.m.c.i.embedder.EclipseLogger - Using 'UTF-8' encoding to copy filtered resources.
2018-02-10 00:51:43,756 [Worker-140] INFO  o.e.m.c.i.embedder.EclipseLogger - Copying 0 resource
2018-02-10 00:51:43,757 [Worker-140] INFO  o.e.m.c.i.embedder.EclipseLogger - Using 'UTF-8' encoding to copy filtered resources.
2018-02-10 00:51:43,757 [Worker-140] INFO  o.e.m.c.i.embedder.EclipseLogger - Copying 0 resource
2018-02-10 00:51:51,335 [Worker-140] INFO  o.e.m.c.i.embedder.EclipseLogger - Using 'UTF-8' encoding to copy filtered resources.
2018-02-10 00:51:51,335 [Worker-140] INFO  o.e.m.c.i.embedder.EclipseLogger - Copying 0 resource
2018-02-10 00:51:51,336 [Worker-140] INFO  o.e.m.c.i.embedder.EclipseLogger - Using 'UTF-8' encoding to copy filtered resources.
2018-02-10 00:51:51,336 [Worker-140] INFO  o.e.m.c.i.embedder.EclipseLogger - Copying 0 resource
2018-02-10 00:51:56,853 [Worker-131] INFO  o.e.m.c.i.embedder.EclipseLogger - Using 'UTF-8' encoding to copy filtered resources.
2018-02-10 00:51:56,853 [Worker-131] INFO  o.e.m.c.i.embedder.EclipseLogger - Copying 0 resource
2018-02-10 00:51:56,854 [Worker-131] INFO  o.e.m.c.i.embedder.EclipseLogger - Using 'UTF-8' encoding to copy filtered resources.
2018-02-10 00:51:56,855 [Worker-131] INFO  o.e.m.c.i.embedder.EclipseLogger - Copying 0 resource
2018-02-10 00:52:15,939 [Worker-138] INFO  o.e.m.c.i.embedder.EclipseLogger - Using 'UTF-8' encoding to copy filtered resources.
2018-02-10 00:52:15,939 [Worker-138] INFO  o.e.m.c.i.embedder.EclipseLogger - Copying 0 resource
2018-02-10 00:52:15,940 [Worker-138] INFO  o.e.m.c.i.embedder.EclipseLogger - Using 'UTF-8' encoding to copy filtered resources.
2018-02-10 00:52:15,941 [Worker-138] INFO  o.e.m.c.i.embedder.EclipseLogger - Copying 0 resource
2018-02-10 00:52:27,919 [Worker-141] INFO  o.e.m.c.i.embedder.EclipseLogger - Using 'UTF-8' encoding to copy filtered resources.
2018-02-10 00:52:27,920 [Worker-141] INFO  o.e.m.c.i.embedder.EclipseLogger - Copying 0 resource
2018-02-10 00:52:27,921 [Worker-141] INFO  o.e.m.c.i.embedder.EclipseLogger - Using 'UTF-8' encoding to copy filtered resources.
2018-02-10 00:52:27,921 [Worker-141] INFO  o.e.m.c.i.embedder.EclipseLogger - Copying 0 resource
2018-02-10 00:52:35,423 [Worker-141] INFO  o.e.m.c.i.embedder.EclipseLogger - Using 'UTF-8' encoding to copy filtered resources.
2018-02-10 00:52:35,423 [Worker-141] INFO  o.e.m.c.i.embedder.EclipseLogger - Copying 0 resource
2018-02-10 00:52:35,425 [Worker-141] INFO  o.e.m.c.i.embedder.EclipseLogger - Using 'UTF-8' encoding to copy filtered resources.
2018-02-10 00:52:35,425 [Worker-141] INFO  o.e.m.c.i.embedder.EclipseLogger - Copying 0 resource
2018-02-10 00:52:38,527 [Worker-133] INFO  o.e.m.c.i.embedder.EclipseLogger - Using 'UTF-8' encoding to copy filtered resources.
2018-02-10 00:52:38,528 [Worker-133] INFO  o.e.m.c.i.embedder.EclipseLogger - Copying 0 resource
2018-02-10 00:52:38,529 [Worker-133] INFO  o.e.m.c.i.embedder.EclipseLogger - Using 'UTF-8' encoding to copy filtered resources.
2018-02-10 00:52:38,529 [Worker-133] INFO  o.e.m.c.i.embedder.EclipseLogger - Copying 0 resource
2018-02-10 00:52:44,639 [Worker-138] INFO  o.e.m.c.i.embedder.EclipseLogger - Using 'UTF-8' encoding to copy filtered resources.
2018-02-10 00:52:44,640 [Worker-138] INFO  o.e.m.c.i.embedder.EclipseLogger - Copying 0 resource
2018-02-10 00:52:44,640 [Worker-138] INFO  o.e.m.c.i.embedder.EclipseLogger - Using 'UTF-8' encoding to copy filtered resources.
2018-02-10 00:52:44,641 [Worker-138] INFO  o.e.m.c.i.embedder.EclipseLogger - Copying 0 resource
2018-02-10 00:54:00,526 [Worker-130] INFO  o.e.m.c.i.embedder.EclipseLogger - Using 'UTF-8' encoding to copy filtered resources.
2018-02-10 00:54:00,527 [Worker-130] INFO  o.e.m.c.i.embedder.EclipseLogger - Copying 0 resource
2018-02-10 00:54:00,528 [Worker-130] INFO  o.e.m.c.i.embedder.EclipseLogger - Using 'UTF-8' encoding to copy filtered resources.
2018-02-10 00:54:00,528 [Worker-130] INFO  o.e.m.c.i.embedder.EclipseLogger - Copying 0 resource
2018-02-10 00:55:39,209 [Worker-138] INFO  o.e.m.c.i.embedder.EclipseLogger - Using 'UTF-8' encoding to copy filtered resources.
2018-02-10 00:55:39,209 [Worker-138] INFO  o.e.m.c.i.embedder.EclipseLogger - Copying 0 resource
2018-02-10 00:55:39,210 [Worker-138] INFO  o.e.m.c.i.embedder.EclipseLogger - Using 'UTF-8' encoding to copy filtered resources.
2018-02-10 00:55:39,211 [Worker-138] INFO  o.e.m.c.i.embedder.EclipseLogger - Copying 0 resource
2018-02-10 00:55:49,884 [Worker-133] INFO  o.e.m.c.i.embedder.EclipseLogger - Using 'UTF-8' encoding to copy filtered resources.
2018-02-10 00:55:49,884 [Worker-133] INFO  o.e.m.c.i.embedder.EclipseLogger - Copying 0 resource
2018-02-10 00:55:49,884 [Worker-133] INFO  o.e.m.c.i.embedder.EclipseLogger - Using 'UTF-8' encoding to copy filtered resources.
2018-02-10 00:55:49,884 [Worker-133] INFO  o.e.m.c.i.embedder.EclipseLogger - Copying 0 resource
2018-02-10 00:57:53,901 [Worker-130] INFO  o.e.m.c.i.e.AbstractTransferListenerAdapter - Downloaded https://repo.maven.apache.org/maven2/org/deeplearning4j/deeplearning4j-nn/0.9.1/deeplearning4j-nn-0.9.1-sources.jar
2018-02-10 00:57:53,903 [Worker-130] ERROR o.e.m.j.internal.DownloadSourcesJob - Could not download sources for org.deeplearning4j:deeplearning4j-nn:0.9.1
org.eclipse.core.runtime.CoreException: Could not resolve artifact org.deeplearning4j:deeplearning4j-nn:jar:sources:0.9.1
	at org.eclipse.m2e.core.internal.embedder.MavenImpl$5.call(MavenImpl.java:776) ~[org.eclipse.m2e.core_1.7.0.20160603-1933.jar:na]
	at org.eclipse.m2e.core.internal.embedder.MavenImpl$5.call(MavenImpl.java:1) ~[org.eclipse.m2e.core_1.7.0.20160603-1933.jar:na]
	at org.eclipse.m2e.core.internal.embedder.MavenExecutionContext.executeBare(MavenExecutionContext.java:176) [org.eclipse.m2e.core_1.7.0.20160603-1933.jar:na]
	at org.eclipse.m2e.core.internal.embedder.MavenExecutionContext.execute(MavenExecutionContext.java:112) [org.eclipse.m2e.core_1.7.0.20160603-1933.jar:na]
	at org.eclipse.m2e.core.internal.embedder.MavenExecutionContext.execute(MavenExecutionContext.java:99) [org.eclipse.m2e.core_1.7.0.20160603-1933.jar:na]
	at org.eclipse.m2e.core.internal.embedder.MavenImpl.resolve(MavenImpl.java:743) [org.eclipse.m2e.core_1.7.0.20160603-1933.jar:na]
	at org.eclipse.m2e.core.internal.embedder.MavenImpl.resolve(MavenImpl.java:720) [org.eclipse.m2e.core_1.7.0.20160603-1933.jar:na]
	at org.eclipse.m2e.jdt.internal.DownloadSourcesJob.download(DownloadSourcesJob.java:249) [org.eclipse.m2e.jdt_1.7.0.20160603-1933.jar:na]
	at org.eclipse.m2e.jdt.internal.DownloadSourcesJob.downloadAttachments(DownloadSourcesJob.java:228) [org.eclipse.m2e.jdt_1.7.0.20160603-1933.jar:na]
	at org.eclipse.m2e.jdt.internal.DownloadSourcesJob.downloadMaven(DownloadSourcesJob.java:202) [org.eclipse.m2e.jdt_1.7.0.20160603-1933.jar:na]
	at org.eclipse.m2e.jdt.internal.DownloadSourcesJob.run(DownloadSourcesJob.java:153) [org.eclipse.m2e.jdt_1.7.0.20160603-1933.jar:na]
	at org.eclipse.m2e.jdt.internal.DownloadSourcesJob$1.call(DownloadSourcesJob.java:136) [org.eclipse.m2e.jdt_1.7.0.20160603-1933.jar:na]
	at org.eclipse.m2e.jdt.internal.DownloadSourcesJob$1.call(DownloadSourcesJob.java:1) [org.eclipse.m2e.jdt_1.7.0.20160603-1933.jar:na]
	at org.eclipse.m2e.core.internal.embedder.MavenExecutionContext.executeBare(MavenExecutionContext.java:176) [org.eclipse.m2e.core_1.7.0.20160603-1933.jar:na]
	at org.eclipse.m2e.core.internal.embedder.MavenExecutionContext.execute(MavenExecutionContext.java:151) [org.eclipse.m2e.core_1.7.0.20160603-1933.jar:na]
	at org.eclipse.m2e.core.internal.embedder.MavenExecutionContext.execute(MavenExecutionContext.java:99) [org.eclipse.m2e.core_1.7.0.20160603-1933.jar:na]
	at org.eclipse.m2e.core.internal.embedder.MavenImpl.execute(MavenImpl.java:1355) [org.eclipse.m2e.core_1.7.0.20160603-1933.jar:na]
	at org.eclipse.m2e.jdt.internal.DownloadSourcesJob.run(DownloadSourcesJob.java:134) [org.eclipse.m2e.jdt_1.7.0.20160603-1933.jar:na]
	at org.eclipse.core.internal.jobs.Worker.run(Worker.java:55) [org.eclipse.core.jobs_3.8.0.v20160509-0411.jar:na]
2018-02-10 00:57:54,092 [Worker-141] INFO  o.e.m.c.i.embedder.EclipseLogger - Using 'UTF-8' encoding to copy filtered resources.
2018-02-10 00:57:54,093 [Worker-141] INFO  o.e.m.c.i.embedder.EclipseLogger - Copying 0 resource
2018-02-10 00:57:54,094 [Worker-141] INFO  o.e.m.c.i.embedder.EclipseLogger - Using 'UTF-8' encoding to copy filtered resources.
2018-02-10 00:57:54,094 [Worker-141] INFO  o.e.m.c.i.embedder.EclipseLogger - Copying 0 resource
2018-02-10 01:05:35,009 [Worker-133] INFO  o.e.m.c.i.embedder.EclipseLogger - Using 'UTF-8' encoding to copy filtered resources.
2018-02-10 01:05:35,009 [Worker-133] INFO  o.e.m.c.i.embedder.EclipseLogger - Copying 0 resource
2018-02-10 01:05:35,010 [Worker-133] INFO  o.e.m.c.i.embedder.EclipseLogger - Using 'UTF-8' encoding to copy filtered resources.
2018-02-10 01:05:35,010 [Worker-133] INFO  o.e.m.c.i.embedder.EclipseLogger - Copying 0 resource
2018-02-10 01:07:16,140 [Worker-138] INFO  o.e.m.c.i.embedder.EclipseLogger - Using 'UTF-8' encoding to copy filtered resources.
2018-02-10 01:07:16,141 [Worker-138] INFO  o.e.m.c.i.embedder.EclipseLogger - Copying 0 resource
2018-02-10 01:07:16,142 [Worker-138] INFO  o.e.m.c.i.embedder.EclipseLogger - Using 'UTF-8' encoding to copy filtered resources.
2018-02-10 01:07:16,142 [Worker-138] INFO  o.e.m.c.i.embedder.EclipseLogger - Copying 0 resource
2018-02-10 01:07:36,326 [Worker-133] INFO  o.e.m.c.i.embedder.EclipseLogger - Using 'UTF-8' encoding to copy filtered resources.
2018-02-10 01:07:36,326 [Worker-133] INFO  o.e.m.c.i.embedder.EclipseLogger - Copying 0 resource
2018-02-10 01:07:36,327 [Worker-133] INFO  o.e.m.c.i.embedder.EclipseLogger - Using 'UTF-8' encoding to copy filtered resources.
2018-02-10 01:07:36,328 [Worker-133] INFO  o.e.m.c.i.embedder.EclipseLogger - Copying 0 resource
2018-02-10 01:09:33,622 [Worker-141] INFO  o.e.m.c.i.embedder.EclipseLogger - Using 'UTF-8' encoding to copy filtered resources.
2018-02-10 01:09:33,622 [Worker-141] INFO  o.e.m.c.i.embedder.EclipseLogger - Copying 0 resource
2018-02-10 01:09:33,623 [Worker-141] INFO  o.e.m.c.i.embedder.EclipseLogger - Using 'UTF-8' encoding to copy filtered resources.
2018-02-10 01:09:33,623 [Worker-141] INFO  o.e.m.c.i.embedder.EclipseLogger - Copying 0 resource
2018-02-10 01:09:53,755 [Worker-133] INFO  o.e.m.c.i.embedder.EclipseLogger - Using 'UTF-8' encoding to copy filtered resources.
2018-02-10 01:09:53,755 [Worker-133] INFO  o.e.m.c.i.embedder.EclipseLogger - Copying 0 resource
2018-02-10 01:09:53,756 [Worker-133] INFO  o.e.m.c.i.embedder.EclipseLogger - Using 'UTF-8' encoding to copy filtered resources.
2018-02-10 01:09:53,757 [Worker-133] INFO  o.e.m.c.i.embedder.EclipseLogger - Copying 0 resource
2018-02-10 01:10:26,119 [Worker-138] INFO  o.e.m.c.i.embedder.EclipseLogger - Using 'UTF-8' encoding to copy filtered resources.
2018-02-10 01:10:26,119 [Worker-138] INFO  o.e.m.c.i.embedder.EclipseLogger - Copying 0 resource
2018-02-10 01:10:26,120 [Worker-138] INFO  o.e.m.c.i.embedder.EclipseLogger - Using 'UTF-8' encoding to copy filtered resources.
2018-02-10 01:10:26,120 [Worker-138] INFO  o.e.m.c.i.embedder.EclipseLogger - Copying 0 resource
2018-02-10 01:11:40,240 [Worker-130] INFO  o.e.m.c.i.embedder.EclipseLogger - Using 'UTF-8' encoding to copy filtered resources.
2018-02-10 01:11:40,241 [Worker-130] INFO  o.e.m.c.i.embedder.EclipseLogger - Copying 0 resource
2018-02-10 01:11:40,242 [Worker-130] INFO  o.e.m.c.i.embedder.EclipseLogger - Using 'UTF-8' encoding to copy filtered resources.
2018-02-10 01:11:40,242 [Worker-130] INFO  o.e.m.c.i.embedder.EclipseLogger - Copying 0 resource
2018-02-10 01:11:45,641 [Worker-131] INFO  o.e.m.c.i.embedder.EclipseLogger - Using 'UTF-8' encoding to copy filtered resources.
2018-02-10 01:11:45,643 [Worker-131] INFO  o.e.m.c.i.embedder.EclipseLogger - Copying 0 resource
2018-02-10 01:11:45,644 [Worker-131] INFO  o.e.m.c.i.embedder.EclipseLogger - Using 'UTF-8' encoding to copy filtered resources.
2018-02-10 01:11:45,644 [Worker-131] INFO  o.e.m.c.i.embedder.EclipseLogger - Copying 0 resource
2018-02-10 01:13:25,533 [Worker-143] INFO  o.e.m.c.i.embedder.EclipseLogger - Using 'UTF-8' encoding to copy filtered resources.
2018-02-10 01:13:25,533 [Worker-143] INFO  o.e.m.c.i.embedder.EclipseLogger - Copying 0 resource
2018-02-10 01:13:25,535 [Worker-143] INFO  o.e.m.c.i.embedder.EclipseLogger - Using 'UTF-8' encoding to copy filtered resources.
2018-02-10 01:13:25,535 [Worker-143] INFO  o.e.m.c.i.embedder.EclipseLogger - Copying 0 resource
2018-02-10 01:14:07,512 [Worker-130] INFO  o.e.m.c.i.embedder.EclipseLogger - Using 'UTF-8' encoding to copy filtered resources.
2018-02-10 01:14:07,512 [Worker-130] INFO  o.e.m.c.i.embedder.EclipseLogger - Copying 0 resource
2018-02-10 01:14:07,513 [Worker-130] INFO  o.e.m.c.i.embedder.EclipseLogger - Using 'UTF-8' encoding to copy filtered resources.
2018-02-10 01:14:07,514 [Worker-130] INFO  o.e.m.c.i.embedder.EclipseLogger - Copying 0 resource
2018-02-10 01:14:50,305 [Worker-138] INFO  o.e.m.c.i.embedder.EclipseLogger - Using 'UTF-8' encoding to copy filtered resources.
2018-02-10 01:14:50,305 [Worker-138] INFO  o.e.m.c.i.embedder.EclipseLogger - Copying 0 resource
2018-02-10 01:14:50,306 [Worker-138] INFO  o.e.m.c.i.embedder.EclipseLogger - Using 'UTF-8' encoding to copy filtered resources.
2018-02-10 01:14:50,307 [Worker-138] INFO  o.e.m.c.i.embedder.EclipseLogger - Copying 0 resource
2018-02-10 01:16:16,194 [Worker-131] INFO  o.e.m.c.i.embedder.EclipseLogger - Using 'UTF-8' encoding to copy filtered resources.
2018-02-10 01:16:16,195 [Worker-131] INFO  o.e.m.c.i.embedder.EclipseLogger - Copying 0 resource
2018-02-10 01:16:16,196 [Worker-131] INFO  o.e.m.c.i.embedder.EclipseLogger - Using 'UTF-8' encoding to copy filtered resources.
2018-02-10 01:16:16,196 [Worker-131] INFO  o.e.m.c.i.embedder.EclipseLogger - Copying 0 resource
2018-02-10 01:16:19,394 [Worker-138] INFO  o.e.m.c.i.embedder.EclipseLogger - Using 'UTF-8' encoding to copy filtered resources.
2018-02-10 01:16:19,394 [Worker-138] INFO  o.e.m.c.i.embedder.EclipseLogger - Copying 0 resource
2018-02-10 01:16:19,395 [Worker-138] INFO  o.e.m.c.i.embedder.EclipseLogger - Using 'UTF-8' encoding to copy filtered resources.
2018-02-10 01:16:19,396 [Worker-138] INFO  o.e.m.c.i.embedder.EclipseLogger - Copying 0 resource
2018-02-10 01:19:21,550 [Worker-138] INFO  o.e.m.c.i.embedder.EclipseLogger - Using 'UTF-8' encoding to copy filtered resources.
2018-02-10 01:19:21,551 [Worker-138] INFO  o.e.m.c.i.embedder.EclipseLogger - Copying 0 resource
2018-02-10 01:19:21,552 [Worker-138] INFO  o.e.m.c.i.embedder.EclipseLogger - Using 'UTF-8' encoding to copy filtered resources.
2018-02-10 01:19:21,552 [Worker-138] INFO  o.e.m.c.i.embedder.EclipseLogger - Copying 0 resource
2018-02-10 01:19:41,717 [Worker-141] INFO  o.e.m.c.i.embedder.EclipseLogger - Using 'UTF-8' encoding to copy filtered resources.
2018-02-10 01:19:41,718 [Worker-141] INFO  o.e.m.c.i.embedder.EclipseLogger - Copying 0 resource
2018-02-10 01:19:41,719 [Worker-141] INFO  o.e.m.c.i.embedder.EclipseLogger - Using 'UTF-8' encoding to copy filtered resources.
2018-02-10 01:19:41,719 [Worker-141] INFO  o.e.m.c.i.embedder.EclipseLogger - Copying 0 resource
2018-02-10 01:21:24,057 [Worker-141] INFO  o.e.m.c.i.embedder.EclipseLogger - Using 'UTF-8' encoding to copy filtered resources.
2018-02-10 01:21:24,058 [Worker-141] INFO  o.e.m.c.i.embedder.EclipseLogger - Copying 0 resource
2018-02-10 01:21:24,059 [Worker-141] INFO  o.e.m.c.i.embedder.EclipseLogger - Using 'UTF-8' encoding to copy filtered resources.
2018-02-10 01:21:24,059 [Worker-141] INFO  o.e.m.c.i.embedder.EclipseLogger - Copying 0 resource
2018-02-11 00:44:58,378 [Worker-172] INFO  o.e.m.c.i.embedder.EclipseLogger - Using 'UTF-8' encoding to copy filtered resources.
2018-02-11 00:44:58,379 [Worker-172] INFO  o.e.m.c.i.embedder.EclipseLogger - Copying 0 resource
2018-02-11 00:44:58,380 [Worker-172] INFO  o.e.m.c.i.embedder.EclipseLogger - Using 'UTF-8' encoding to copy filtered resources.
2018-02-11 00:44:58,381 [Worker-172] INFO  o.e.m.c.i.embedder.EclipseLogger - Copying 0 resource
2018-02-11 00:45:07,473 [Worker-173] INFO  o.e.m.c.i.embedder.EclipseLogger - Using 'UTF-8' encoding to copy filtered resources.
2018-02-11 00:45:07,474 [Worker-173] INFO  o.e.m.c.i.embedder.EclipseLogger - Copying 0 resource
2018-02-11 00:45:07,475 [Worker-173] INFO  o.e.m.c.i.embedder.EclipseLogger - Using 'UTF-8' encoding to copy filtered resources.
2018-02-11 00:45:07,475 [Worker-173] INFO  o.e.m.c.i.embedder.EclipseLogger - Copying 0 resource
2018-02-11 00:45:51,033 [Worker-171] INFO  o.e.m.c.i.embedder.EclipseLogger - Using 'UTF-8' encoding to copy filtered resources.
2018-02-11 00:45:51,033 [Worker-171] INFO  o.e.m.c.i.embedder.EclipseLogger - Copying 0 resource
2018-02-11 00:45:51,034 [Worker-171] INFO  o.e.m.c.i.embedder.EclipseLogger - Using 'UTF-8' encoding to copy filtered resources.
2018-02-11 00:45:51,034 [Worker-171] INFO  o.e.m.c.i.embedder.EclipseLogger - Copying 0 resource
2018-02-11 19:36:28,522 [Worker-193] INFO  o.e.m.c.i.embedder.EclipseLogger - Using 'UTF-8' encoding to copy filtered resources.
2018-02-11 19:36:28,524 [Worker-193] INFO  o.e.m.c.i.embedder.EclipseLogger - Copying 0 resource
2018-02-11 19:36:28,525 [Worker-193] INFO  o.e.m.c.i.embedder.EclipseLogger - Using 'UTF-8' encoding to copy filtered resources.
2018-02-11 19:36:28,525 [Worker-193] INFO  o.e.m.c.i.embedder.EclipseLogger - Copying 0 resource
2018-02-11 19:37:03,367 [Worker-192] INFO  o.e.m.c.i.embedder.EclipseLogger - Using 'UTF-8' encoding to copy filtered resources.
2018-02-11 19:37:03,367 [Worker-192] INFO  o.e.m.c.i.embedder.EclipseLogger - Copying 0 resource
2018-02-11 19:37:03,368 [Worker-192] INFO  o.e.m.c.i.embedder.EclipseLogger - Using 'UTF-8' encoding to copy filtered resources.
2018-02-11 19:37:03,368 [Worker-192] INFO  o.e.m.c.i.embedder.EclipseLogger - Copying 0 resource
2018-02-11 19:37:07,972 [Worker-191] INFO  o.e.m.c.i.embedder.EclipseLogger - Using 'UTF-8' encoding to copy filtered resources.
2018-02-11 19:37:07,972 [Worker-191] INFO  o.e.m.c.i.embedder.EclipseLogger - Copying 0 resource
2018-02-11 19:37:07,973 [Worker-191] INFO  o.e.m.c.i.embedder.EclipseLogger - Using 'UTF-8' encoding to copy filtered resources.
2018-02-11 19:37:07,974 [Worker-191] INFO  o.e.m.c.i.embedder.EclipseLogger - Copying 0 resource
2018-02-11 20:11:35,997 [Worker-194] INFO  o.e.m.c.i.embedder.EclipseLogger - Using 'UTF-8' encoding to copy filtered resources.
2018-02-11 20:11:35,999 [Worker-194] INFO  o.e.m.c.i.embedder.EclipseLogger - Copying 0 resource
2018-02-11 20:11:36,000 [Worker-194] INFO  o.e.m.c.i.embedder.EclipseLogger - Using 'UTF-8' encoding to copy filtered resources.
2018-02-11 20:11:36,000 [Worker-194] INFO  o.e.m.c.i.embedder.EclipseLogger - Copying 0 resource
2018-02-11 20:14:37,252 [Worker-195] INFO  o.e.m.c.i.embedder.EclipseLogger - Using 'UTF-8' encoding to copy filtered resources.
2018-02-11 20:14:37,252 [Worker-195] INFO  o.e.m.c.i.embedder.EclipseLogger - Copying 0 resource
2018-02-11 20:14:37,254 [Worker-195] INFO  o.e.m.c.i.embedder.EclipseLogger - Using 'UTF-8' encoding to copy filtered resources.
2018-02-11 20:14:37,254 [Worker-195] INFO  o.e.m.c.i.embedder.EclipseLogger - Copying 0 resource
2018-02-11 20:14:45,691 [Worker-193] INFO  o.e.m.c.i.embedder.EclipseLogger - Using 'UTF-8' encoding to copy filtered resources.
2018-02-11 20:14:45,692 [Worker-193] INFO  o.e.m.c.i.embedder.EclipseLogger - Copying 0 resource
2018-02-11 20:14:45,693 [Worker-193] INFO  o.e.m.c.i.embedder.EclipseLogger - Using 'UTF-8' encoding to copy filtered resources.
2018-02-11 20:14:45,693 [Worker-193] INFO  o.e.m.c.i.embedder.EclipseLogger - Copying 0 resource
2018-02-12 18:47:48,839 [Worker-3] INFO  c.g.t.t.d.PublishedGradleVersions - Gradle version information cache is out-of-date. Trying to update.
2018-02-12 18:47:49,098 [Worker-3] INFO  c.g.t.t.d.PublishedGradleVersions - Updating Gradle version information cache failed. Using outdated cache.
2018-02-12 20:19:56,318 [Worker-47] INFO  o.e.m.c.i.embedder.EclipseLogger - Using 'UTF-8' encoding to copy filtered resources.
2018-02-12 20:19:56,325 [Worker-47] INFO  o.e.m.c.i.embedder.EclipseLogger - Copying 0 resource
2018-02-12 20:19:56,328 [Worker-47] INFO  o.e.m.c.i.embedder.EclipseLogger - Using 'UTF-8' encoding to copy filtered resources.
2018-02-12 20:19:56,328 [Worker-47] INFO  o.e.m.c.i.embedder.EclipseLogger - Copying 0 resource
2018-02-13 10:10:37,310 [Worker-126] INFO  o.e.m.c.i.embedder.EclipseLogger - Using 'UTF-8' encoding to copy filtered resources.
2018-02-13 10:10:37,321 [Worker-126] INFO  o.e.m.c.i.embedder.EclipseLogger - Copying 1 resource
2018-02-13 10:10:37,341 [Worker-126] INFO  o.e.m.c.i.embedder.EclipseLogger - Using 'UTF-8' encoding to copy filtered resources.
2018-02-13 10:10:37,341 [Worker-126] INFO  o.e.m.c.i.embedder.EclipseLogger - Copying 0 resource
2018-02-13 10:11:09,969 [Worker-133] INFO  o.e.m.c.i.embedder.EclipseLogger - Using 'UTF-8' encoding to copy filtered resources.
2018-02-13 10:11:09,990 [Worker-133] INFO  o.e.m.c.i.embedder.EclipseLogger - Copying 1 resource
2018-02-13 10:11:09,991 [Worker-133] INFO  o.e.m.c.i.embedder.EclipseLogger - Using 'UTF-8' encoding to copy filtered resources.
2018-02-13 10:11:09,992 [Worker-133] INFO  o.e.m.c.i.embedder.EclipseLogger - Copying 0 resource
2018-02-13 10:11:18,345 [Worker-132] INFO  o.e.m.c.i.embedder.EclipseLogger - Using 'UTF-8' encoding to copy filtered resources.
2018-02-13 10:11:18,346 [Worker-132] INFO  o.e.m.c.i.embedder.EclipseLogger - Copying 1 resource
2018-02-13 10:11:18,348 [Worker-132] INFO  o.e.m.c.i.embedder.EclipseLogger - Using 'UTF-8' encoding to copy filtered resources.
2018-02-13 10:11:18,348 [Worker-132] INFO  o.e.m.c.i.embedder.EclipseLogger - Copying 0 resource
2018-02-13 10:12:00,145 [Worker-132] INFO  o.e.m.c.i.embedder.EclipseLogger - Using 'UTF-8' encoding to copy filtered resources.
2018-02-13 10:12:00,145 [Worker-132] INFO  o.e.m.c.i.embedder.EclipseLogger - Copying 1 resource
2018-02-13 10:12:00,147 [Worker-132] INFO  o.e.m.c.i.embedder.EclipseLogger - Using 'UTF-8' encoding to copy filtered resources.
2018-02-13 10:12:00,147 [Worker-132] INFO  o.e.m.c.i.embedder.EclipseLogger - Copying 0 resource
2018-02-13 16:18:08,678 [Worker-0] INFO  c.g.t.t.d.PublishedGradleVersions - Gradle version information cache is out-of-date. Trying to update.
2018-02-13 16:18:14,217 [Worker-5] INFO  o.e.m.c.i.embedder.EclipseLogger - Using 'UTF-8' encoding to copy filtered resources.
2018-02-13 16:18:14,223 [Worker-5] INFO  o.e.m.c.i.embedder.EclipseLogger - Copying 1 resource
2018-02-13 16:18:14,255 [Worker-5] INFO  o.e.m.c.i.embedder.EclipseLogger - Using 'UTF-8' encoding to copy filtered resources.
2018-02-13 16:18:14,255 [Worker-5] INFO  o.e.m.c.i.embedder.EclipseLogger - Copying 0 resource
2018-02-13 16:18:15,796 [Worker-5] INFO  o.e.m.c.i.embedder.EclipseLogger - Using 'UTF-8' encoding to copy filtered resources.
2018-02-13 16:18:15,812 [Worker-5] INFO  o.e.m.c.i.embedder.EclipseLogger - Copying 200 resources
2018-02-13 16:18:15,825 [Worker-5] INFO  o.e.m.c.i.embedder.EclipseLogger - Using 'UTF-8' encoding to copy filtered resources.
2018-02-13 16:18:15,825 [Worker-5] INFO  o.e.m.c.i.embedder.EclipseLogger - skip non existing resourceDirectory /Volumes/MacStorage/WorkCodes/GitHub/DeepLearning/AI_III/deeplearning4j-examples-parent/dl4j-examples/src/test/resources
